<?xml version="1.0" encoding="UTF-8"?>
<!-- Generated by org.testng.reporters.JUnitReportReporter -->
<testsuite hostname="DESKTOP-ASPIRE7" failures="0" tests="2" name="MyPack.MyClass" time="5.573" errors="0" timestamp="2024-09-11T00:38:26 IST" skipped="0">
  <testcase classname="MyPack.MyClass" name="MyWeather1" time="3.078"/>
  <testcase classname="MyPack.MyClass" name="MyWeather2" time="2.495"/>
</testsuite> <!-- MyPack.MyClass -->
